<?xml version="1.0" encoding="UTF-8"?>
<!-- Generated by org.testng.reporters.JUnitReportReporter -->
<testsuite hostname="DESKTOP-2PEO3G6" failures="0" tests="1" name="com.selenium.testCases.TC_LoginTest_001" time="11.276" errors="0" timestamp="2022-07-26T11:55:59 PDT" skipped="0">
  <testcase classname="com.selenium.testCases.TC_LoginTest_001" name="loginTest" time="11.276"/>
  <system-out/>
</testsuite> <!-- com.selenium.testCases.TC_LoginTest_001 -->
