<?xml version="1.0" encoding="UTF-8"?>
<!-- Generated by org.testng.reporters.JUnitReportReporter -->
<testsuite hostname="DESKTOP-2PEO3G6" failures="0" tests="5" name="com.selenium.testCases.TC_LoginDDT_002" time="31.127" errors="0" timestamp="2022-07-26T11:55:59 PDT" skipped="0">
  <testcase classname="com.selenium.testCases.TC_LoginDDT_002" name="loginDDT" time="6.154"/>
  <system-out/>
  <testcase classname="com.selenium.testCases.TC_LoginDDT_002" name="loginDDT" time="6.413"/>
  <system-out/>
  <testcase classname="com.selenium.testCases.TC_LoginDDT_002" name="loginDDT" time="6.654"/>
  <system-out/>
  <testcase classname="com.selenium.testCases.TC_LoginDDT_002" name="loginDDT" time="5.944"/>
  <system-out/>
  <testcase classname="com.selenium.testCases.TC_LoginDDT_002" name="loginDDT" time="5.962"/>
  <system-out/>
</testsuite> <!-- com.selenium.testCases.TC_LoginDDT_002 -->
